app/build/intermediates/manifest_merge_blame_file/release/processReleaseMainManifest/manifest-merger-blame-release-report.txt
1<?xml version="1.0" encoding="utf-8"?>
2<manifest xmlns:android="http://schemas.android.com/apk/res/android"
3    package="com.tooldynoapps.calcvertex"
4    android:versionCode="1"
5    android:versionName="1.0" >
6
7    <uses-sdk
8        android:minSdkVersion="24"
9        android:targetSdkVersion="36" />
10
11    <permission
11-->[androidx.core:core:1.13.0] AndroidManifest.xml:22:5-24:47
12        android:name="com.tooldynoapps.calcvertex.DYNAMIC_RECEIVER_NOT_EXPORTED_PERMISSION"
12-->[androidx.core:core:1.13.0] AndroidManifest.xml:23:9-81
13        android:protectionLevel="signature" />
13-->[androidx.core:core:1.13.0] AndroidManifest.xml:24:9-44
14
15    <uses-permission android:name="com.tooldynoapps.calcvertex.DYNAMIC_RECEIVER_NOT_EXPORTED_PERMISSION" />
15-->[androidx.core:core:1.13.0] AndroidManifest.xml:26:5-97
15-->[androidx.core:core:1.13.0] AndroidManifest.xml:26:22-94
16
17    <application
17-->src\main\AndroidManifest.xml:4:5-52:19
18        android:allowBackup="true"
18-->src\main\AndroidManifest.xml:5:9-35
19        android:appComponentFactory="androidx.core.app.CoreComponentFactory"
19-->[androidx.core:core:1.13.0] AndroidManifest.xml:28:18-86
20        android:extractNativeLibs="false"
21        android:icon="@mipmap/ic_launcher"
21-->src\main\AndroidManifest.xml:6:9-43
22        android:label="@string/app_name"
22-->src\main\AndroidManifest.xml:8:9-41
23        android:roundIcon="@mipmap/ic_launcher_round"
23-->src\main\AndroidManifest.xml:7:9-54
24        android:supportsRtl="true"
24-->src\main\AndroidManifest.xml:9:9-35
25        android:theme="@style/Theme.CalcVertex" >
25-->src\main\AndroidManifest.xml:10:9-48
26        <activity
26-->src\main\AndroidManifest.xml:12:9-20:20
27            android:name="com.tooldynoapps.calcvertex.activities.SplashActivity"
27-->src\main\AndroidManifest.xml:13:13-54
28            android:exported="true"
28-->src\main\AndroidManifest.xml:14:13-36
29            android:theme="@style/Theme.CalcVertex.Splash" >
29-->src\main\AndroidManifest.xml:15:13-59
30            <intent-filter>
30-->src\main\AndroidManifest.xml:16:13-19:29
31                <action android:name="android.intent.action.MAIN" />
31-->src\main\AndroidManifest.xml:17:17-69
31-->src\main\AndroidManifest.xml:17:25-66
32
33                <category android:name="android.intent.category.LAUNCHER" />
33-->src\main\AndroidManifest.xml:18:17-77
33-->src\main\AndroidManifest.xml:18:27-74
34            </intent-filter>
35        </activity>
36        <activity
36-->src\main\AndroidManifest.xml:22:9-96
37            android:name="com.tooldynoapps.calcvertex.activities.HomeActivity"
37-->src\main\AndroidManifest.xml:22:19-58
38            android:exported="false" />
38-->src\main\AndroidManifest.xml:22:69-93
39        <activity
39-->src\main\AndroidManifest.xml:23:9-96
40            android:name="com.tooldynoapps.calcvertex.activities.FinanceActivity"
40-->src\main\AndroidManifest.xml:23:19-61
41            android:exported="false" />
41-->src\main\AndroidManifest.xml:23:69-93
42        <activity
42-->src\main\AndroidManifest.xml:24:9-96
43            android:name="com.tooldynoapps.calcvertex.activities.HealthActivity"
43-->src\main\AndroidManifest.xml:24:19-60
44            android:exported="false" />
44-->src\main\AndroidManifest.xml:24:69-93
45        <activity
45-->src\main\AndroidManifest.xml:25:9-96
46            android:name="com.tooldynoapps.calcvertex.activities.MathActivity"
46-->src\main\AndroidManifest.xml:25:19-58
47            android:exported="false" />
47-->src\main\AndroidManifest.xml:25:69-93
48        <activity
48-->src\main\AndroidManifest.xml:26:9-96
49            android:name="com.tooldynoapps.calcvertex.activities.EverydayActivity"
49-->src\main\AndroidManifest.xml:26:19-62
50            android:exported="false" />
50-->src\main\AndroidManifest.xml:26:69-93
51        <activity
51-->src\main\AndroidManifest.xml:27:9-96
52            android:name="com.tooldynoapps.calcvertex.activities.HistoryActivity"
52-->src\main\AndroidManifest.xml:27:19-61
53            android:exported="false" />
53-->src\main\AndroidManifest.xml:27:69-93
54        <activity
54-->src\main\AndroidManifest.xml:28:9-96
55            android:name="com.tooldynoapps.calcvertex.activities.AboutActivity"
55-->src\main\AndroidManifest.xml:28:19-59
56            android:exported="false" />
56-->src\main\AndroidManifest.xml:28:69-93
57
58        <!-- Finance calcs -->
59        <activity
59-->src\main\AndroidManifest.xml:31:9-96
60            android:name="com.tooldynoapps.calcvertex.activities.EmiCalcActivity"
60-->src\main\AndroidManifest.xml:31:19-61
61            android:exported="false" />
61-->src\main\AndroidManifest.xml:31:69-93
62        <activity
62-->src\main\AndroidManifest.xml:32:9-96
63            android:name="com.tooldynoapps.calcvertex.activities.ProfitLossActivity"
63-->src\main\AndroidManifest.xml:32:19-64
64            android:exported="false" />
64-->src\main\AndroidManifest.xml:32:69-93
65        <activity
65-->src\main\AndroidManifest.xml:33:9-96
66            android:name="com.tooldynoapps.calcvertex.activities.GstCalcActivity"
66-->src\main\AndroidManifest.xml:33:19-61
67            android:exported="false" />
67-->src\main\AndroidManifest.xml:33:69-93
68        <activity
68-->src\main\AndroidManifest.xml:34:9-96
69            android:name="com.tooldynoapps.calcvertex.activities.InterestCalcActivity"
69-->src\main\AndroidManifest.xml:34:19-66
70            android:exported="false" />
70-->src\main\AndroidManifest.xml:34:69-93
71        <activity
71-->src\main\AndroidManifest.xml:35:9-96
72            android:name="com.tooldynoapps.calcvertex.activities.CurrencyCalcActivity"
72-->src\main\AndroidManifest.xml:35:19-66
73            android:exported="false" />
73-->src\main\AndroidManifest.xml:35:69-93
74
75        <!-- Health calcs -->
76        <activity
76-->src\main\AndroidManifest.xml:38:9-96
77            android:name="com.tooldynoapps.calcvertex.activities.BmiCalcActivity"
77-->src\main\AndroidManifest.xml:38:19-61
78            android:exported="false" />
78-->src\main\AndroidManifest.xml:38:69-93
79        <activity
79-->src\main\AndroidManifest.xml:39:9-96
80            android:name="com.tooldynoapps.calcvertex.activities.CalorieCalcActivity"
80-->src\main\AndroidManifest.xml:39:19-65
81            android:exported="false" />
81-->src\main\AndroidManifest.xml:39:69-93
82        <activity
82-->src\main\AndroidManifest.xml:40:9-96
83            android:name="com.tooldynoapps.calcvertex.activities.WaterCalcActivity"
83-->src\main\AndroidManifest.xml:40:19-63
84            android:exported="false" />
84-->src\main\AndroidManifest.xml:40:69-93
85
86        <!-- Math calcs -->
87        <activity
87-->src\main\AndroidManifest.xml:43:9-96
88            android:name="com.tooldynoapps.calcvertex.activities.AreaCalcActivity"
88-->src\main\AndroidManifest.xml:43:19-62
89            android:exported="false" />
89-->src\main\AndroidManifest.xml:43:69-93
90        <activity
90-->src\main\AndroidManifest.xml:44:9-96
91            android:name="com.tooldynoapps.calcvertex.activities.PercentCalcActivity"
91-->src\main\AndroidManifest.xml:44:19-65
92            android:exported="false" />
92-->src\main\AndroidManifest.xml:44:69-93
93        <activity
93-->src\main\AndroidManifest.xml:45:9-96
94            android:name="com.tooldynoapps.calcvertex.activities.BaseConverterActivity"
94-->src\main\AndroidManifest.xml:45:19-67
95            android:exported="false" />
95-->src\main\AndroidManifest.xml:45:69-93
96
97        <!-- Everyday calcs -->
98        <activity
98-->src\main\AndroidManifest.xml:48:9-96
99            android:name="com.tooldynoapps.calcvertex.activities.AgeCalcActivity"
99-->src\main\AndroidManifest.xml:48:19-61
100            android:exported="false" />
100-->src\main\AndroidManifest.xml:48:69-93
101        <activity
101-->src\main\AndroidManifest.xml:49:9-96
102            android:name="com.tooldynoapps.calcvertex.activities.DateDiffActivity"
102-->src\main\AndroidManifest.xml:49:19-62
103            android:exported="false" />
103-->src\main\AndroidManifest.xml:49:69-93
104        <activity
104-->src\main\AndroidManifest.xml:50:9-96
105            android:name="com.tooldynoapps.calcvertex.activities.UnitConverterActivity"
105-->src\main\AndroidManifest.xml:50:19-67
106            android:exported="false" />
106-->src\main\AndroidManifest.xml:50:69-93
107        <activity
107-->src\main\AndroidManifest.xml:51:9-95
108            android:name="com.tooldynoapps.calcvertex.activities.PrivacyPolicyActivity"
108-->src\main\AndroidManifest.xml:51:19-67
109            android:exported="false" />
109-->src\main\AndroidManifest.xml:51:68-92
110
111        <provider
111-->[androidx.emoji2:emoji2:1.3.0] AndroidManifest.xml:24:9-32:20
112            android:name="androidx.startup.InitializationProvider"
112-->[androidx.emoji2:emoji2:1.3.0] AndroidManifest.xml:25:13-67
113            android:authorities="com.tooldynoapps.calcvertex.androidx-startup"
113-->[androidx.emoji2:emoji2:1.3.0] AndroidManifest.xml:26:13-68
114            android:exported="false" >
114-->[androidx.emoji2:emoji2:1.3.0] AndroidManifest.xml:27:13-37
115            <meta-data
115-->[androidx.emoji2:emoji2:1.3.0] AndroidManifest.xml:29:13-31:52
116                android:name="androidx.emoji2.text.EmojiCompatInitializer"
116-->[androidx.emoji2:emoji2:1.3.0] AndroidManifest.xml:30:17-75
117                android:value="androidx.startup" />
117-->[androidx.emoji2:emoji2:1.3.0] AndroidManifest.xml:31:17-49
118            <meta-data
118-->[androidx.lifecycle:lifecycle-process:2.6.2] AndroidManifest.xml:29:13-31:52
119                android:name="androidx.lifecycle.ProcessLifecycleInitializer"
119-->[androidx.lifecycle:lifecycle-process:2.6.2] AndroidManifest.xml:30:17-78
120                android:value="androidx.startup" />
120-->[androidx.lifecycle:lifecycle-process:2.6.2] AndroidManifest.xml:31:17-49
121            <meta-data
121-->[androidx.profileinstaller:profileinstaller:1.4.0] AndroidManifest.xml:29:13-31:52
122                android:name="androidx.profileinstaller.ProfileInstallerInitializer"
122-->[androidx.profileinstaller:profileinstaller:1.4.0] AndroidManifest.xml:30:17-85
123                android:value="androidx.startup" />
123-->[androidx.profileinstaller:profileinstaller:1.4.0] AndroidManifest.xml:31:17-49
124        </provider>
125
126        <receiver
126-->[androidx.profileinstaller:profileinstaller:1.4.0] AndroidManifest.xml:34:9-52:20
127            android:name="androidx.profileinstaller.ProfileInstallReceiver"
127-->[androidx.profileinstaller:profileinstaller:1.4.0] AndroidManifest.xml:35:13-76
128            android:directBootAware="false"
128-->[androidx.profileinstaller:profileinstaller:1.4.0] AndroidManifest.xml:36:13-44
129            android:enabled="true"
129-->[androidx.profileinstaller:profileinstaller:1.4.0] AndroidManifest.xml:37:13-35
130            android:exported="true"
130-->[androidx.profileinstaller:profileinstaller:1.4.0] AndroidManifest.xml:38:13-36
131            android:permission="android.permission.DUMP" >
131-->[androidx.profileinstaller:profileinstaller:1.4.0] AndroidManifest.xml:39:13-57
132            <intent-filter>
132-->[androidx.profileinstaller:profileinstaller:1.4.0] AndroidManifest.xml:40:13-42:29
133                <action android:name="androidx.profileinstaller.action.INSTALL_PROFILE" />
133-->[androidx.profileinstaller:profileinstaller:1.4.0] AndroidManifest.xml:41:17-91
133-->[androidx.profileinstaller:profileinstaller:1.4.0] AndroidManifest.xml:41:25-88
134            </intent-filter>
135            <intent-filter>
135-->[androidx.profileinstaller:profileinstaller:1.4.0] AndroidManifest.xml:43:13-45:29
136                <action android:name="androidx.profileinstaller.action.SKIP_FILE" />
136-->[androidx.profileinstaller:profileinstaller:1.4.0] AndroidManifest.xml:44:17-85
136-->[androidx.profileinstaller:profileinstaller:1.4.0] AndroidManifest.xml:44:25-82
137            </intent-filter>
138            <intent-filter>
138-->[androidx.profileinstaller:profileinstaller:1.4.0] AndroidManifest.xml:46:13-48:29
139                <action android:name="androidx.profileinstaller.action.SAVE_PROFILE" />
139-->[androidx.profileinstaller:profileinstaller:1.4.0] AndroidManifest.xml:47:17-88
139-->[androidx.profileinstaller:profileinstaller:1.4.0] AndroidManifest.xml:47:25-85
140            </intent-filter>
141            <intent-filter>
141-->[androidx.profileinstaller:profileinstaller:1.4.0] AndroidManifest.xml:49:13-51:29
142                <action android:name="androidx.profileinstaller.action.BENCHMARK_OPERATION" />
142-->[androidx.profileinstaller:profileinstaller:1.4.0] AndroidManifest.xml:50:17-95
142-->[androidx.profileinstaller:profileinstaller:1.4.0] AndroidManifest.xml:50:25-92
143            </intent-filter>
144        </receiver>
145    </application>
146
147</manifest>